<?xml version="1.0" encoding="UTF-8"?>
<!-- Generated by org.testng.reporters.JUnitReportReporter -->
<testsuite hostname="DESKTOP-FGNLH2G" name="Dl.dl" tests="1" failures="0" timestamp="25 Mar 2019 06:13:36 GMT" time="8.444" errors="0">
  <testcase name="kaos" time="8.444" classname="Dl.dl"/>
</testsuite> <!-- Dl.dl -->
